[error] Failed to fetch Firebase Project from Studio Workspace because WORKSPACE_SLUG environment variable is empty
[error] Failed to fetch Firebase Project from Studio Workspace because WORKSPACE_SLUG environment variable is empty
[error] Failed to fetch Firebase Project from Studio Workspace because WORKSPACE_SLUG environment variable is empty
[error] Failed to fetch Firebase Project from Studio Workspace because WORKSPACE_SLUG environment variable is empty
[debug] [2025-12-27T15:13:56.372Z] > command requires scopes: ["email","openid","https://www.googleapis.com/auth/cloudplatformprojects.readonly","https://www.googleapis.com/auth/firebase","https://www.googleapis.com/auth/cloud-platform","https://www.googleapis.com/auth/userinfo.email"]
[debug] [2025-12-27T15:13:56.375Z] > authorizing via signed-in user (whitem0824@gmail.com)
[debug] [2025-12-27T15:13:56.379Z] Checked if tokens are valid: false, expires at: 1766849027745
[debug] [2025-12-27T15:13:56.380Z] Checked if tokens are valid: false, expires at: 1766849027745
[debug] [2025-12-27T15:13:56.380Z] > refreshing access token with scopes: []
[debug] [2025-12-27T15:13:56.384Z] >>> [apiv2][query] POST https://www.googleapis.com/oauth2/v3/token [none]
[debug] [2025-12-27T15:13:56.384Z] >>> [apiv2][body] POST https://www.googleapis.com/oauth2/v3/token [omitted]
[debug] [2025-12-27T15:13:56.388Z] > command requires scopes: ["email","openid","https://www.googleapis.com/auth/cloudplatformprojects.readonly","https://www.googleapis.com/auth/firebase","https://www.googleapis.com/auth/cloud-platform","https://www.googleapis.com/auth/userinfo.email"]
[debug] [2025-12-27T15:13:56.388Z] > authorizing via signed-in user (whitem0824@gmail.com)
[debug] [2025-12-27T15:13:56.389Z] Checked if tokens are valid: false, expires at: 1766849027745
[debug] [2025-12-27T15:13:56.389Z] Checked if tokens are valid: false, expires at: 1766849027745
[debug] [2025-12-27T15:13:56.389Z] > refreshing access token with scopes: []
[debug] [2025-12-27T15:13:56.390Z] >>> [apiv2][query] POST https://www.googleapis.com/oauth2/v3/token [none]
[debug] [2025-12-27T15:13:56.390Z] >>> [apiv2][body] POST https://www.googleapis.com/oauth2/v3/token [omitted]
[debug] [2025-12-27T15:13:56.495Z] <<< [apiv2][status] POST https://www.googleapis.com/oauth2/v3/token 200
[debug] [2025-12-27T15:13:56.495Z] <<< [apiv2][body] POST https://www.googleapis.com/oauth2/v3/token [omitted]
[debug] [2025-12-27T15:13:56.525Z] >>> [apiv2][query] GET https://cloudbilling.googleapis.com/v1/projects/tradesitegenie/billingInfo [none]
[debug] [2025-12-27T15:13:56.541Z] <<< [apiv2][status] POST https://www.googleapis.com/oauth2/v3/token 200
[debug] [2025-12-27T15:13:56.542Z] <<< [apiv2][body] POST https://www.googleapis.com/oauth2/v3/token [omitted]
[debug] [2025-12-27T15:13:56.561Z] >>> [apiv2][query] GET https://cloudbilling.googleapis.com/v1/projects/tradesitegenie/billingInfo [none]
[debug] [2025-12-27T15:13:56.664Z] <<< [apiv2][status] GET https://cloudbilling.googleapis.com/v1/projects/tradesitegenie/billingInfo 200
[debug] [2025-12-27T15:13:56.670Z] <<< [apiv2][body] GET https://cloudbilling.googleapis.com/v1/projects/tradesitegenie/billingInfo {"name":"projects/tradesitegenie/billingInfo","projectId":"tradesitegenie","billingAccountName":"billingAccounts/01060F-9E9BF8-C47E09","billingEnabled":true}
[debug] [2025-12-27T15:13:56.682Z] Checked if tokens are valid: true, expires at: 1766852035542
[debug] [2025-12-27T15:13:56.682Z] Checked if tokens are valid: true, expires at: 1766852035542
[debug] [2025-12-27T15:13:56.706Z] Checked if tokens are valid: true, expires at: 1766852035542
[debug] [2025-12-27T15:13:56.707Z] Checked if tokens are valid: true, expires at: 1766852035542
[debug] [2025-12-27T15:13:56.707Z] >>> [apiv2][query] GET https://serviceusage.googleapis.com/v1/projects/tradesitegenie/services/firebasedataconnect.googleapis.com [none]
[debug] [2025-12-27T15:13:56.707Z] >>> [apiv2][(partial)header] GET https://serviceusage.googleapis.com/v1/projects/tradesitegenie/services/firebasedataconnect.googleapis.com x-goog-quota-user=projects/tradesitegenie
[debug] [2025-12-27T15:13:56.709Z] >>> [apiv2][query] GET https://serviceusage.googleapis.com/v1/projects/tradesitegenie/services/firebaseio.com [none]
[debug] [2025-12-27T15:13:56.709Z] >>> [apiv2][(partial)header] GET https://serviceusage.googleapis.com/v1/projects/tradesitegenie/services/firebaseio.com x-goog-quota-user=projects/tradesitegenie
[debug] [2025-12-27T15:13:56.830Z] <<< [apiv2][status] GET https://cloudbilling.googleapis.com/v1/projects/tradesitegenie/billingInfo 200
[debug] [2025-12-27T15:13:56.833Z] <<< [apiv2][body] GET https://cloudbilling.googleapis.com/v1/projects/tradesitegenie/billingInfo {"name":"projects/tradesitegenie/billingInfo","projectId":"tradesitegenie","billingAccountName":"billingAccounts/01060F-9E9BF8-C47E09","billingEnabled":true}
[debug] [2025-12-27T15:13:56.837Z] Checked if tokens are valid: true, expires at: 1766852035542
[debug] [2025-12-27T15:13:56.838Z] Checked if tokens are valid: true, expires at: 1766852035542
[debug] [2025-12-27T15:13:56.856Z] Checked if tokens are valid: true, expires at: 1766852035542
[debug] [2025-12-27T15:13:56.856Z] Checked if tokens are valid: true, expires at: 1766852035542
[debug] [2025-12-27T15:13:56.857Z] >>> [apiv2][query] GET https://serviceusage.googleapis.com/v1/projects/tradesitegenie/services/firebasedataconnect.googleapis.com [none]
[debug] [2025-12-27T15:13:56.857Z] >>> [apiv2][(partial)header] GET https://serviceusage.googleapis.com/v1/projects/tradesitegenie/services/firebasedataconnect.googleapis.com x-goog-quota-user=projects/tradesitegenie
[debug] [2025-12-27T15:13:56.862Z] >>> [apiv2][query] GET https://serviceusage.googleapis.com/v1/projects/tradesitegenie/services/firebaseio.com [none]
[debug] [2025-12-27T15:13:56.862Z] >>> [apiv2][(partial)header] GET https://serviceusage.googleapis.com/v1/projects/tradesitegenie/services/firebaseio.com x-goog-quota-user=projects/tradesitegenie
[debug] [2025-12-27T15:13:56.972Z] <<< [apiv2][status] GET https://serviceusage.googleapis.com/v1/projects/tradesitegenie/services/firebaseio.com 403
[debug] [2025-12-27T15:13:56.973Z] <<< [apiv2][body] GET https://serviceusage.googleapis.com/v1/projects/tradesitegenie/services/firebaseio.com [omitted]
[debug] [2025-12-27T15:13:57.089Z] <<< [apiv2][status] GET https://serviceusage.googleapis.com/v1/projects/tradesitegenie/services/firebaseio.com 403
[debug] [2025-12-27T15:13:57.089Z] <<< [apiv2][body] GET https://serviceusage.googleapis.com/v1/projects/tradesitegenie/services/firebaseio.com [omitted]
[debug] [2025-12-27T15:13:57.108Z] <<< [apiv2][status] GET https://serviceusage.googleapis.com/v1/projects/tradesitegenie/services/firebasedataconnect.googleapis.com 200
[debug] [2025-12-27T15:13:57.108Z] <<< [apiv2][body] GET https://serviceusage.googleapis.com/v1/projects/tradesitegenie/services/firebasedataconnect.googleapis.com [omitted]
[error] Failed to fetch Firebase Project from Studio Workspace because WORKSPACE_SLUG environment variable is empty
[debug] [2025-12-27T15:13:57.162Z] <<< [apiv2][status] GET https://serviceusage.googleapis.com/v1/projects/tradesitegenie/services/firebasedataconnect.googleapis.com 200
[debug] [2025-12-27T15:13:57.162Z] <<< [apiv2][body] GET https://serviceusage.googleapis.com/v1/projects/tradesitegenie/services/firebasedataconnect.googleapis.com [omitted]
[error] Failed to fetch Firebase Project from Studio Workspace because WORKSPACE_SLUG environment variable is empty
[error] Failed to fetch Firebase Project from Studio Workspace because WORKSPACE_SLUG environment variable is empty
[debug] [2025-12-27T15:13:57.181Z] > command requires scopes: ["email","openid","https://www.googleapis.com/auth/cloudplatformprojects.readonly","https://www.googleapis.com/auth/firebase","https://www.googleapis.com/auth/cloud-platform","https://www.googleapis.com/auth/userinfo.email"]
[debug] [2025-12-27T15:13:57.181Z] > authorizing via signed-in user (whitem0824@gmail.com)
[debug] [2025-12-27T15:13:57.182Z] Checked if tokens are valid: true, expires at: 1766852035542
[debug] [2025-12-27T15:13:57.182Z] Checked if tokens are valid: true, expires at: 1766852035542
[debug] [2025-12-27T15:13:57.187Z] >>> [apiv2][query] GET https://cloudbilling.googleapis.com/v1/projects/tradesitegenie/billingInfo [none]
[debug] [2025-12-27T15:13:57.260Z] <<< [apiv2][status] GET https://cloudbilling.googleapis.com/v1/projects/tradesitegenie/billingInfo 200
[debug] [2025-12-27T15:13:57.260Z] <<< [apiv2][body] GET https://cloudbilling.googleapis.com/v1/projects/tradesitegenie/billingInfo {"name":"projects/tradesitegenie/billingInfo","projectId":"tradesitegenie","billingAccountName":"billingAccounts/01060F-9E9BF8-C47E09","billingEnabled":true}
[error] Failed to fetch Firebase Project from Studio Workspace because WORKSPACE_SLUG environment variable is empty
[debug] [2025-12-27T15:13:57.267Z] > command requires scopes: ["email","openid","https://www.googleapis.com/auth/cloudplatformprojects.readonly","https://www.googleapis.com/auth/firebase","https://www.googleapis.com/auth/cloud-platform","https://www.googleapis.com/auth/userinfo.email"]
[debug] [2025-12-27T15:13:57.268Z] > authorizing via signed-in user (whitem0824@gmail.com)
[error] Failed to fetch Firebase Project from Studio Workspace because WORKSPACE_SLUG environment variable is empty
[error] Failed to fetch Firebase Project from Studio Workspace because WORKSPACE_SLUG environment variable is empty
[error] Failed to fetch Firebase Project from Studio Workspace because WORKSPACE_SLUG environment variable is empty
[error] Failed to fetch Firebase Project from Studio Workspace because WORKSPACE_SLUG environment variable is empty
[debug] [2025-12-27T15:13:57.314Z] > command requires scopes: ["email","openid","https://www.googleapis.com/auth/cloudplatformprojects.readonly","https://www.googleapis.com/auth/firebase","https://www.googleapis.com/auth/cloud-platform","https://www.googleapis.com/auth/userinfo.email"]
[debug] [2025-12-27T15:13:57.315Z] > authorizing via signed-in user (whitem0824@gmail.com)
[debug] [2025-12-27T15:13:57.317Z] Checked if tokens are valid: true, expires at: 1766852035542
[debug] [2025-12-27T15:13:57.317Z] Checked if tokens are valid: true, expires at: 1766852035542
[debug] [2025-12-27T15:13:57.317Z] >>> [apiv2][query] GET https://cloudbilling.googleapis.com/v1/projects/tradesitegenie/billingInfo [none]
[error] Failed to fetch Firebase Project from Studio Workspace because WORKSPACE_SLUG environment variable is empty
[error] Failed to fetch Firebase Project from Studio Workspace because WORKSPACE_SLUG environment variable is empty
[debug] [2025-12-27T15:13:57.389Z] > command requires scopes: ["email","openid","https://www.googleapis.com/auth/cloudplatformprojects.readonly","https://www.googleapis.com/auth/firebase","https://www.googleapis.com/auth/cloud-platform","https://www.googleapis.com/auth/userinfo.email"]
[debug] [2025-12-27T15:13:57.389Z] > authorizing via signed-in user (whitem0824@gmail.com)
[debug] [2025-12-27T15:13:57.389Z] Checked if tokens are valid: true, expires at: 1766852035542
[debug] [2025-12-27T15:13:57.389Z] Checked if tokens are valid: true, expires at: 1766852035542
[debug] [2025-12-27T15:13:57.390Z] >>> [apiv2][query] GET https://cloudbilling.googleapis.com/v1/projects/tradesitegenie/billingInfo [none]
[debug] [2025-12-27T15:13:57.413Z] <<< [apiv2][status] GET https://cloudbilling.googleapis.com/v1/projects/tradesitegenie/billingInfo 200
[debug] [2025-12-27T15:13:57.414Z] <<< [apiv2][body] GET https://cloudbilling.googleapis.com/v1/projects/tradesitegenie/billingInfo {"name":"projects/tradesitegenie/billingInfo","projectId":"tradesitegenie","billingAccountName":"billingAccounts/01060F-9E9BF8-C47E09","billingEnabled":true}
[error] Failed to fetch Firebase Project from Studio Workspace because WORKSPACE_SLUG environment variable is empty
[debug] [2025-12-27T15:13:57.418Z] > command requires scopes: ["email","openid","https://www.googleapis.com/auth/cloudplatformprojects.readonly","https://www.googleapis.com/auth/firebase","https://www.googleapis.com/auth/cloud-platform","https://www.googleapis.com/auth/userinfo.email"]
[debug] [2025-12-27T15:13:57.419Z] > authorizing via signed-in user (whitem0824@gmail.com)
[debug] [2025-12-27T15:13:57.459Z] <<< [apiv2][status] GET https://cloudbilling.googleapis.com/v1/projects/tradesitegenie/billingInfo 200
[debug] [2025-12-27T15:13:57.459Z] <<< [apiv2][body] GET https://cloudbilling.googleapis.com/v1/projects/tradesitegenie/billingInfo {"name":"projects/tradesitegenie/billingInfo","projectId":"tradesitegenie","billingAccountName":"billingAccounts/01060F-9E9BF8-C47E09","billingEnabled":true}
[error] Failed to fetch Firebase Project from Studio Workspace because WORKSPACE_SLUG environment variable is empty
[debug] [2025-12-27T15:13:57.462Z] > command requires scopes: ["email","openid","https://www.googleapis.com/auth/cloudplatformprojects.readonly","https://www.googleapis.com/auth/firebase","https://www.googleapis.com/auth/cloud-platform","https://www.googleapis.com/auth/userinfo.email"]
[debug] [2025-12-27T15:13:57.463Z] > authorizing via signed-in user (whitem0824@gmail.com)
